TN:
SF:src/FunkoPopApp/funko.ts
FN:8,<instance_members_initializer>
FN:33,FunkoPop
FN:59,get ID
FN:66,set ID
FN:73,get Name
FN:80,set Name
FN:87,get Description
FN:94,set Description
FN:101,get Type
FN:108,set Type
FN:115,get Genre
FN:122,set Genre
FN:129,get Franchise
FN:136,set Franchise
FN:143,get Num
FN:150,set Num
FN:157,get Exclusive
FN:164,set Exclusive
FN:171,get SpecialFeatures
FN:178,set SpecialFeatures
FN:185,get MarketValue
FN:192,set MarketValue
FNF:22
FNH:22
FNDA:21,<instance_members_initializer>
FNDA:21,FunkoPop
FNDA:2,get ID
FNDA:1,set ID
FNDA:2,get Name
FNDA:1,set Name
FNDA:2,get Description
FNDA:1,set Description
FNDA:2,get Type
FNDA:1,set Type
FNDA:2,get Genre
FNDA:1,set Genre
FNDA:2,get Franchise
FNDA:1,set Franchise
FNDA:2,get Num
FNDA:1,set Num
FNDA:2,get Exclusive
FNDA:1,set Exclusive
FNDA:2,get SpecialFeatures
FNDA:1,set SpecialFeatures
FNDA:2,get MarketValue
FNDA:1,set MarketValue
DA:1,1
DA:2,1
DA:3,1
DA:4,1
DA:5,1
DA:6,1
DA:7,1
DA:8,1
DA:9,21
DA:10,21
DA:11,21
DA:12,21
DA:13,21
DA:14,21
DA:15,21
DA:16,21
DA:17,21
DA:18,21
DA:19,21
DA:20,21
DA:21,21
DA:22,21
DA:23,21
DA:24,21
DA:25,21
DA:26,21
DA:27,21
DA:28,21
DA:29,21
DA:30,21
DA:31,21
DA:32,21
DA:33,21
DA:34,21
DA:35,21
DA:36,21
DA:37,21
DA:38,21
DA:39,21
DA:40,21
DA:41,21
DA:42,21
DA:43,21
DA:44,21
DA:45,21
DA:46,21
DA:47,21
DA:48,21
DA:49,21
DA:50,21
DA:51,21
DA:52,21
DA:53,21
DA:54,21
DA:55,21
DA:56,21
DA:57,21
DA:58,21
DA:59,21
DA:60,2
DA:61,2
DA:62,21
DA:63,21
DA:64,21
DA:65,21
DA:66,21
DA:67,1
DA:68,1
DA:69,21
DA:70,21
DA:71,21
DA:72,21
DA:73,21
DA:74,2
DA:75,2
DA:76,21
DA:77,21
DA:78,21
DA:79,21
DA:80,21
DA:81,1
DA:82,1
DA:83,21
DA:84,21
DA:85,21
DA:86,21
DA:87,21
DA:88,2
DA:89,2
DA:90,21
DA:91,21
DA:92,21
DA:93,21
DA:94,21
DA:95,1
DA:96,1
DA:97,21
DA:98,21
DA:99,21
DA:100,21
DA:101,21
DA:102,2
DA:103,2
DA:104,21
DA:105,21
DA:106,21
DA:107,21
DA:108,21
DA:109,1
DA:110,1
DA:111,21
DA:112,21
DA:113,21
DA:114,21
DA:115,21
DA:116,2
DA:117,2
DA:118,21
DA:119,21
DA:120,21
DA:121,21
DA:122,21
DA:123,1
DA:124,1
DA:125,21
DA:126,21
DA:127,21
DA:128,21
DA:129,21
DA:130,2
DA:131,2
DA:132,21
DA:133,21
DA:134,21
DA:135,21
DA:136,21
DA:137,1
DA:138,1
DA:139,21
DA:140,21
DA:141,21
DA:142,21
DA:143,21
DA:144,2
DA:145,2
DA:146,21
DA:147,21
DA:148,21
DA:149,21
DA:150,21
DA:151,1
DA:152,1
DA:153,21
DA:154,21
DA:155,21
DA:156,21
DA:157,21
DA:158,2
DA:159,2
DA:160,21
DA:161,21
DA:162,21
DA:163,21
DA:164,21
DA:165,1
DA:166,1
DA:167,21
DA:168,21
DA:169,21
DA:170,21
DA:171,21
DA:172,2
DA:173,2
DA:174,21
DA:175,21
DA:176,21
DA:177,21
DA:178,21
DA:179,1
DA:180,1
DA:181,21
DA:182,21
DA:183,21
DA:184,21
DA:185,21
DA:186,2
DA:187,2
DA:188,21
DA:189,21
DA:190,21
DA:191,21
DA:192,21
DA:193,1
DA:194,1
DA:195,21
LF:195
LH:195
BRDA:8,0,0,21
BRDA:33,1,0,21
BRDA:59,2,0,2
BRDA:66,3,0,1
BRDA:73,4,0,2
BRDA:80,5,0,1
BRDA:87,6,0,2
BRDA:94,7,0,1
BRDA:101,8,0,2
BRDA:108,9,0,1
BRDA:115,10,0,2
BRDA:122,11,0,1
BRDA:129,12,0,2
BRDA:136,13,0,1
BRDA:143,14,0,2
BRDA:150,15,0,1
BRDA:157,16,0,2
BRDA:164,17,0,1
BRDA:171,18,0,2
BRDA:178,19,0,1
BRDA:185,20,0,2
BRDA:192,21,0,1
BRF:22
BRH:22
end_of_record
TN:
SF:src/FunkoPopApp/funkoPopGenre.ts
FNF:0
FNH:0
DA:1,1
DA:2,1
DA:3,1
DA:4,1
DA:5,1
DA:6,1
DA:7,1
DA:8,1
DA:9,1
DA:10,1
DA:11,1
DA:12,1
LF:12
LH:12
BRDA:4,0,0,1
BRF:1
BRH:1
end_of_record
TN:
SF:src/FunkoPopApp/funkoPopType.ts
FNF:0
FNH:0
DA:1,1
DA:2,1
DA:3,1
DA:4,1
DA:5,1
DA:6,1
DA:7,1
DA:8,1
DA:9,1
DA:10,1
LF:10
LH:10
BRDA:4,0,0,1
BRF:1
BRH:1
end_of_record
